<?xml version="1.0" encoding="UTF-8"?>
<testsuite xmlns:xsi="http://www.w3.org/2001/XMLSchema-instance" xsi:noNamespaceSchemaLocation="https://maven.apache.org/surefire/maven-surefire-plugin/xsd/surefire-test-report.xsd" name="team8lasertag.com.AppTest" time="0.029" tests="1" errors="0" skipped="0" failures="0">
  <properties>
    <property name="java.specification.version" value="17"/>
    <property name="sun.cpu.isalist" value="amd64"/>
    <property name="sun.jnu.encoding" value="Cp1252"/>
    <property name="java.class.path" value="C:\Users\rossm\Documents\GitHub\group-8\src\laserTag\dataHandling\demo\target\test-classes;C:\Users\rossm\Documents\GitHub\group-8\src\laserTag\dataHandling\demo\target\classes;C:\Users\rossm\.m2\repository\junit\junit\4.11\junit-4.11.jar;C:\Users\rossm\.m2\repository\org\hamcrest\hamcrest-core\1.3\hamcrest-core-1.3.jar;"/>
    <property name="java.vm.vendor" value="Oracle Corporation"/>
    <property name="sun.arch.data.model" value="64"/>
    <property name="user.variant" value=""/>
    <property name="java.vendor.url" value="https://java.oracle.com/"/>
    <property name="user.timezone" value="America/Chicago"/>
    <property name="os.name" value="Windows 10"/>
    <property name="java.vm.specification.version" value="17"/>
    <property name="sun.java.launcher" value="SUN_STANDARD"/>
    <property name="user.country" value="US"/>
    <property name="sun.boot.library.path" value="C:\Program Files\Java\jdk-17.0.2\bin"/>
    <property name="sun.java.command" value="C:\Users\rossm\AppData\Local\Temp\surefire18121094902805679425\surefirebooter8756055495594511503.jar C:\Users\rossm\AppData\Local\Temp\surefire18121094902805679425 2022-03-05T12-27-05_281-jvmRun1 surefire9745765210149121673tmp surefire_03455197303171747708tmp"/>
    <property name="jdk.debug" value="release"/>
    <property name="surefire.test.class.path" value="C:\Users\rossm\Documents\GitHub\group-8\src\laserTag\dataHandling\demo\target\test-classes;C:\Users\rossm\Documents\GitHub\group-8\src\laserTag\dataHandling\demo\target\classes;C:\Users\rossm\.m2\repository\junit\junit\4.11\junit-4.11.jar;C:\Users\rossm\.m2\repository\org\hamcrest\hamcrest-core\1.3\hamcrest-core-1.3.jar;"/>
    <property name="sun.cpu.endian" value="little"/>
    <property name="user.home" value="C:\Users\rossm"/>
    <property name="user.language" value="en"/>
    <property name="java.specification.vendor" value="Oracle Corporation"/>
    <property name="java.version.date" value="2022-01-18"/>
    <property name="java.home" value="C:\Program Files\Java\jdk-17.0.2"/>
    <property name="file.separator" value="\"/>
    <property name="basedir" value="C:\Users\rossm\Documents\GitHub\group-8\src\laserTag\dataHandling\demo"/>
    <property name="java.vm.compressedOopsMode" value="Zero based"/>
    <property name="line.separator" value="&#10;"/>
    <property name="java.vm.specification.vendor" value="Oracle Corporation"/>
    <property name="java.specification.name" value="Java Platform API Specification"/>
    <property name="surefire.real.class.path" value="C:\Users\rossm\AppData\Local\Temp\surefire18121094902805679425\surefirebooter8756055495594511503.jar"/>
    <property name="user.script" value=""/>
    <property name="sun.management.compiler" value="HotSpot 64-Bit Tiered Compilers"/>
    <property name="java.runtime.version" value="17.0.2+8-LTS-86"/>
    <property name="user.name" value="Mike"/>
    <property name="path.separator" value=";"/>
    <property name="os.version" value="10.0"/>
    <property name="java.runtime.name" value="Java(TM) SE Runtime Environment"/>
    <property name="file.encoding" value="Cp1252"/>
    <property name="java.vm.name" value="Java HotSpot(TM) 64-Bit Server VM"/>
    <property name="localRepository" value="C:\Users\rossm\.m2\repository"/>
    <property name="java.vendor.url.bug" value="https://bugreport.java.com/bugreport/"/>
    <property name="java.io.tmpdir" value="C:\Users\rossm\AppData\Local\Temp\"/>
    <property name="java.version" value="17.0.2"/>
    <property name="user.dir" value="C:\Users\rossm\Documents\GitHub\group-8\src\laserTag\dataHandling\demo"/>
    <property name="os.arch" value="amd64"/>
    <property name="java.vm.specification.name" value="Java Virtual Machine Specification"/>
    <property name="sun.os.patch.level" value=""/>
    <property name="native.encoding" value="Cp1252"/>
    <property name="java.library.path" value="C:\Program Files\Java\jdk-17.0.2\bin;C:\Windows\Sun\Java\bin;C:\Windows\system32;C:\Windows;C:\Program Files\Common Files\Oracle\Java\javapath;C:\Program Files (x86)\Common Files\Oracle\Java\javapath;C:\ProgramData\Oracle\Java\javapath;C:\Windows\system32;C:\Windows;C:\Windows\System32\Wbem;C:\Windows\System32\WindowsPowerShell\v1.0\;C:\Windows\System32\OpenSSH\;C:\Program Files\NVIDIA Corporation\NVIDIA NvDLISR;C:\Program Files (x86)\NVIDIA Corporation\PhysX\Common;C:\Program Files (x86)\mingw-w64\i686-8.1.0-posix-dwarf-rt_v6-rev0\mingw32\bin;C:\Program Files (x86)\QuickTime\QTSystem\;C:\Program Files\dotnet\;C:\Program Files\Git\cmd;C:\Program Files\PuTTY\;C:\Users\rossm\AppData\Local\Programs\Python\Python38\Scripts\;C:\Users\rossm\AppData\Local\Programs\Python\Python38\;C:\Users\rossm\AppData\Local\Programs\Python\Python310\Scripts\;C:\Users\rossm\AppData\Local\Programs\Python\Python310\;C:\Users\rossm\AppData\Local\Microsoft\WindowsApps;C:\Users\rossm\AppData\Local\Programs\Microsoft VS Code\bin;C:\Users\rossm\AppData\Local\GitHubDesktop\bin;C:\Users\rossm\Documents\Python dependencies for xmllib\libxml2-2.7.8.win32\libxml2-2.7.8.win32\bin;C:\Users\rossm\Documents\Python dependencies for xmllib\iconv-1.14-win32-x86_64\bin;C:\Users\rossm\Documents\Python dependencies for xmllib\zlib-1.2.5.win32\zlib-1.2.5\bin;C:\Program Files\heroku\bin;C:\Program Files\Java\apache-maven-3.8.4\bin;;."/>
    <property name="java.vm.info" value="mixed mode, sharing"/>
    <property name="java.vendor" value="Oracle Corporation"/>
    <property name="java.vm.version" value="17.0.2+8-LTS-86"/>
    <property name="sun.io.unicode.encoding" value="UnicodeLittle"/>
    <property name="java.class.version" value="61.0"/>
  </properties>
  <testcase name="shouldAnswerWithTrue" classname="team8lasertag.com.AppTest" time="0.001"/>
</testsuite>